[Info][10:1:53][SOPHOS] : Sophos API Init!
[Info][10:1:53][SOPHOS] : Sophos API Init!
[Info][10:1:54][SOPHOS] : Sophos API Init!
[Info][10:2:0][DATTO] : Datto API Init!
[Info][10:2:0][DATTO] : Datto API Init!
[Info][10:2:1][DATTO] : Retrieved devices for 1385 Dental Studio!
[Info][10:2:1][DATTO] : Retrieved devices for 1385 Dental Studio!
[Info][10:2:2][DATTO] : Retrieved devices for A Children's Dentist - Michael Saxe!
[Info][10:2:2][DATTO] : Retrieved devices for A Children's Dentist - Michael Saxe!
[Info][10:2:3][DATTO] : Retrieved devices for Aaxia Chemical Insurance Services!
[Info][10:2:3][DATTO] : Retrieved devices for Aaxia Chemical Insurance Services!
[Info][10:2:4][DATTO] : Retrieved devices for About Face Oral & Facial Surgery - George James!
[Info][10:2:4][DATTO] : Retrieved devices for About Face Oral & Facial Surgery - George James!
[Info][10:2:5][DATTO] : Retrieved devices for Acacia Endodontics - Ahwatukee!
[Info][10:2:5][DATTO] : Retrieved devices for Acacia Endodontics - Ahwatukee!
[Info][10:2:6][DATTO] : Retrieved devices for Acacia Endodontics - Casa Grande!
[Info][10:2:6][DATTO] : Retrieved devices for Acacia Endodontics - Casa Grande!
[Info][10:2:7][DATTO] : Retrieved devices for Acacia Endodontics - Chandler!
[Info][10:2:7][DATTO] : Retrieved devices for Acacia Endodontics - Chandler!
[Info][10:2:8][DATTO] : Retrieved devices for Addison Grove Dental!
[Info][10:2:8][DATTO] : Retrieved devices for Addison Grove Dental!
[Info][10:2:38][SOPHOS] : Sophos API Init!
[Info][10:2:38][SOPHOS] : Sophos API Init!
[Info][10:2:38][SOPHOS] : Sophos API Init!
[Info][10:2:39][SOPHOS] : Sophos API Init!
[Info][10:2:39][DATTO] : Datto API Init!
[Info][10:2:39][DATTO] : Datto API Init!
[Info][10:2:40][DATTO] : Retrieved devices for 1385 Dental Studio!
[Info][10:2:40][DATTO] : Retrieved devices for 1385 Dental Studio!
[Info][10:2:40][SOPHOS] : Retrieved devices for 1385 Dental Studio!
[Info][10:2:41][DATTO] : Retrieved devices for A Children's Dentist - Michael Saxe!
[Info][10:2:41][DATTO] : Retrieved devices for A Children's Dentist - Michael Saxe!
[Info][10:3:9][SOPHOS] : Sophos API Init!
[Info][10:3:10][SOPHOS] : Sophos API Init!
[Info][10:3:10][SOPHOS] : Sophos API Init!
[Info][10:3:10][SOPHOS] : Sophos API Init!
[Info][10:3:10][DATTO] : Datto API Init!
[Info][10:3:10][DATTO] : Datto API Init!
[Info][10:3:10][SOPHOS] : Retrieved devices for 1385 Dental Studio!
[Info][10:3:11][DATTO] : Retrieved devices for 1385 Dental Studio!
[Info][10:3:11][DATTO] : Retrieved devices for 1385 Dental Studio!
[Info][10:3:11][SOPHOS] : Retrieved devices for 1385 Dental Studio!
[Info][10:3:11][SOPHOS] : Retrieved devices for 1385 Dental Studio!
[Info][10:3:11][SOPHOS] : Retrieved devices for A Children's Dentist - Michael Saxe!
[Info][10:3:12][DATTO] : Retrieved devices for A Children's Dentist - Michael Saxe!
[Info][10:3:12][SOPHOS] : Retrieved devices for Aaxia Chemical Insurance Services!
[Info][10:3:12][DATTO] : Retrieved devices for A Children's Dentist - Michael Saxe!
[Info][10:3:12][SOPHOS] : Retrieved devices for A Children's Dentist - Michael Saxe!
[Info][10:3:12][SOPHOS] : Retrieved devices for A Children's Dentist - Michael Saxe!
[Info][10:3:13][SOPHOS] : Retrieved devices for About Face Oral & Facial Surgery - George James!
[Info][10:3:13][DATTO] : Retrieved devices for Aaxia Chemical Insurance Services!
[Info][10:3:13][DATTO] : Retrieved devices for Aaxia Chemical Insurance Services!
[Info][10:3:13][SOPHOS] : Retrieved devices for Aaxia Chemical Insurance Services!
[Info][10:3:14][SOPHOS] : Retrieved devices for Acacia Endodontics - Ahwatukee!
[Info][10:3:14][SOPHOS] : Retrieved devices for Aaxia Chemical Insurance Services!
[Info][10:3:14][SOPHOS] : Retrieved devices for Acacia Endodontics - Casa Grande!
[Info][10:3:14][DATTO] : Retrieved devices for About Face Oral & Facial Surgery - George James!
[Info][10:3:15][DATTO] : Retrieved devices for About Face Oral & Facial Surgery - George James!
[Info][10:3:15][SOPHOS] : Retrieved devices for About Face Oral & Facial Surgery - George James!
[Info][10:3:15][SOPHOS] : Retrieved devices for About Face Oral & Facial Surgery - George James!
[Info][10:3:15][SOPHOS] : Retrieved devices for Acacia Endodontics - Chandler!
[Info][10:3:16][DATTO] : Retrieved devices for Acacia Endodontics - Ahwatukee!
[Info][10:3:16][DATTO] : Retrieved devices for Acacia Endodontics - Ahwatukee!
[Info][10:3:16][SOPHOS] : Retrieved devices for Acacia Endodontics - Ahwatukee!
[Info][10:3:16][SOPHOS] : Retrieved devices for Addison Grove Dental!
[Info][10:3:16][SOPHOS] : Retrieved devices for Acacia Endodontics - Ahwatukee!
[Info][10:3:17][SOPHOS] : Retrieved devices for Adobe Dentistry, Inc. - Anne Stolcis!
[Info][10:3:17][DATTO] : Retrieved devices for Acacia Endodontics - Casa Grande!
[Info][10:3:17][DATTO] : Retrieved devices for Acacia Endodontics - Casa Grande!
[Info][10:3:17][SOPHOS] : Retrieved devices for Acacia Endodontics - Casa Grande!
[Info][10:3:18][SOPHOS] : Retrieved devices for Acacia Endodontics - Casa Grande!
[Info][10:3:18][SOPHOS] : Retrieved devices for Advanced Sleep Solutions!
[Info][10:3:19][DATTO] : Retrieved devices for Acacia Endodontics - Chandler!
[Info][10:3:19][SOPHOS] : Retrieved devices for Ainge CPA!
[Info][10:3:19][DATTO] : Retrieved devices for Acacia Endodontics - Chandler!
[Info][10:3:19][SOPHOS] : Retrieved devices for Acacia Endodontics - Chandler!
[Info][10:3:19][SOPHOS] : Retrieved devices for Acacia Endodontics - Chandler!
[Info][10:3:19][SOPHOS] : Retrieved devices for Art City Dental!
[Info][10:3:20][DATTO] : Retrieved devices for Addison Grove Dental!
[Info][10:3:20][DATTO] : Retrieved devices for Addison Grove Dental!
[Info][10:3:20][SOPHOS] : Retrieved devices for Atlas Dental - Matt Herring!
[Info][10:3:20][SOPHOS] : Retrieved devices for Addison Grove Dental!
[Info][10:3:21][SOPHOS] : Retrieved devices for Addison Grove Dental!
[Info][10:3:21][SOPHOS] : Retrieved devices for Audubon Facial Plastic Surgery!
[Info][10:3:21][DATTO] : Retrieved devices for Adobe Dentistry, Inc. - Anne Stolcis!
[Info][10:3:22][DATTO] : Retrieved devices for Adobe Dentistry, Inc. - Anne Stolcis!
[Info][10:3:22][SOPHOS] : Retrieved devices for Adobe Dentistry, Inc. - Anne Stolcis!
[Info][10:3:22][SOPHOS] : Retrieved devices for Barber Welding!
[Info][10:3:22][SOPHOS] : Retrieved devices for Adobe Dentistry, Inc. - Anne Stolcis!
[Info][10:3:23][SOPHOS] : Retrieved devices for Barstow Childrens Dentistry - Tyler Albrecht!
[Info][10:3:23][DATTO] : Retrieved devices for Advanced Sleep Solutions!
[Info][10:3:23][DATTO] : Retrieved devices for Advanced Sleep Solutions!
[Info][10:3:23][SOPHOS] : Retrieved devices for Advanced Sleep Solutions!
[Info][10:3:23][SOPHOS] : Retrieved devices for Advanced Sleep Solutions!
[Info][10:3:24][SOPHOS] : Retrieved devices for Beautiful Dentistry!
[Info][10:3:24][SOPHOS] : Retrieved devices for Bemis Family Dentistry!
[Info][10:3:24][SOPHOS] : Retrieved devices for Ainge CPA!
[Info][10:3:25][SOPHOS] : Retrieved devices for Ainge CPA!
[Info][10:3:25][SOPHOS] : Retrieved devices for Best Care Dental!
[Info][10:3:25][DATTO] : Retrieved devices for Art City Dental!
[Info][10:3:26][DATTO] : Retrieved devices for Art City Dental!
[Info][10:3:26][SOPHOS] : Retrieved devices for Art City Dental!
[Info][10:3:26][SOPHOS] : Retrieved devices for Burns Dentistry - Litchfield!
[Info][10:3:26][SOPHOS] : Retrieved devices for Art City Dental!
[Info][10:3:27][SOPHOS] : Retrieved devices for Burns Dentistry - Sun City!
[Info][10:3:27][DATTO] : Retrieved devices for Atlas Dental - Matt Herring!
[Info][10:3:27][DATTO] : Retrieved devices for Atlas Dental - Matt Herring!
[Info][10:3:27][SOPHOS] : Retrieved devices for Atlas Dental - Matt Herring!
[Info][10:3:27][SOPHOS] : Retrieved devices for Atlas Dental - Matt Herring!
[Info][10:3:28][SOPHOS] : Retrieved devices for Burns Dentistry - Sun City West!
[Info][10:3:28][SOPHOS] : Retrieved devices for Audubon Facial Plastic Surgery!
[Info][10:3:28][SOPHOS] : Retrieved devices for Audubon Facial Plastic Surgery!
[Info][10:3:29][SOPHOS] : Retrieved devices for Cabezon Orthodontics!
[Info][10:3:29][DATTO] : Retrieved devices for Barber Welding!
[Info][10:3:30][DATTO] : Retrieved devices for Barber Welding!
[Info][10:3:30][SOPHOS] : Retrieved devices for Cabezon Pediatric Dentistry!
[Info][10:3:30][SOPHOS] : Retrieved devices for Barber Welding!
[Info][10:3:30][SOPHOS] : Retrieved devices for Barber Welding!
[Info][10:3:30][SOPHOS] : Retrieved devices for Canyon Creek Endodontics!
[Info][10:3:31][DATTO] : Retrieved devices for Barstow Childrens Dentistry - Tyler Albrecht!
[Info][10:3:31][DATTO] : Retrieved devices for Barstow Childrens Dentistry - Tyler Albrecht!
[Info][10:3:31][SOPHOS] : Retrieved devices for Barstow Childrens Dentistry - Tyler Albrecht!
[Info][10:3:31][SOPHOS] : Retrieved devices for Barstow Childrens Dentistry - Tyler Albrecht!
[Info][10:3:31][SOPHOS] : Retrieved devices for Canyon Crest Dental - Geoffry Grant!
[Info][10:3:32][SOPHOS] : Retrieved devices for CentriServe IT!
[Info][10:3:33][SOPHOS] : Retrieved devices for Beautiful Dentistry!
[Info][10:3:33][SOPHOS] : Retrieved devices for Beautiful Dentistry!
[Info][10:3:33][SOPHOS] : Retrieved devices for Childrens Dentistry of Wenatchee!
[Info][10:3:34][SOPHOS] : Retrieved devices for Bemis Family Dentistry!
[Info][10:3:34][SOPHOS] : Retrieved devices for Bemis Family Dentistry!
[Info][10:3:34][SOPHOS] : Retrieved devices for Choules Family Dentistry - W Choules!
[Info][10:3:35][DATTO] : Retrieved devices for Best Care Dental!
[Info][10:3:35][DATTO] : Retrieved devices for Best Care Dental!
[Info][10:3:35][SOPHOS] : Retrieved devices for Best Care Dental!
[Info][10:3:35][SOPHOS] : Retrieved devices for Best Care Dental!
[Info][10:3:35][SOPHOS] : Retrieved devices for Christopher M Granillo, DDS!
[Info][10:3:36][SOPHOS] : Retrieved devices for Burns Dentistry - Litchfield!
[Info][10:3:36][SOPHOS] : Retrieved devices for Clark Oral And Facial Surgery - Burley!
[Info][10:3:36][SOPHOS] : Retrieved devices for Burns Dentistry - Litchfield!
[Info][10:3:37][SOPHOS] : Retrieved devices for Clark Oral And Facial Surgery - Twin Falls!
[Info][10:3:37][DATTO] : Retrieved devices for Burns Dentistry - Sun City!
[Info][10:3:37][DATTO] : Retrieved devices for Burns Dentistry - Sun City!
[Info][10:3:38][SOPHOS] : Retrieved devices for Burns Dentistry - Sun City!
[Info][10:3:38][SOPHOS] : Retrieved devices for Burns Dentistry - Sun City!
[Info][10:3:38][SOPHOS] : Retrieved devices for Condie Construction Company!
[Info][10:3:38][SOPHOS] : Retrieved devices for Crowne Tax and Accounting!
[Info][10:3:39][DATTO] : Retrieved devices for Burns Dentistry - Sun City West!
[Info][10:3:39][DATTO] : Retrieved devices for Burns Dentistry - Sun City West!
[Info][10:3:39][SOPHOS] : Retrieved devices for Burns Dentistry - Sun City West!
[Info][10:3:39][SOPHOS] : Retrieved devices for Burns Dentistry - Sun City West!
[Info][10:3:39][SOPHOS] : Retrieved devices for Daniel W. McKay & Associates, PLLC!
[Info][10:3:40][DATTO] : Retrieved devices for Cabezon Orthodontics!
[Info][10:3:40][SOPHOS] : Retrieved devices for David Blackhurst DDS!
[Info][10:3:40][DATTO] : Retrieved devices for Cabezon Orthodontics!
[Info][10:3:40][SOPHOS] : Retrieved devices for Cabezon Orthodontics!
[Info][10:3:41][SOPHOS] : Retrieved devices for Cabezon Orthodontics!
[Info][10:3:41][SOPHOS] : Retrieved devices for Deming Childrens Dentistry!
[Info][10:3:41][DATTO] : Retrieved devices for Cabezon Pediatric Dentistry!
[Info][10:3:42][DATTO] : Retrieved devices for Cabezon Pediatric Dentistry!
[Info][10:3:42][SOPHOS] : Retrieved devices for Denture and Implant Docs of Argyle!
[Info][10:3:42][SOPHOS] : Retrieved devices for Cabezon Pediatric Dentistry!
[Info][10:3:42][SOPHOS] : Retrieved devices for Cabezon Pediatric Dentistry!
[Info][10:3:43][SOPHOS] : Retrieved devices for Desert Creek Dental - Ismail Pardazi!
[Info][10:3:43][DATTO] : Retrieved devices for Canyon Creek Endodontics!
[Info][10:3:43][DATTO] : Retrieved devices for Canyon Creek Endodontics!
[Info][10:3:43][SOPHOS] : Retrieved devices for Canyon Creek Endodontics!
[Info][10:3:43][SOPHOS] : Retrieved devices for Dr. Carr Cat and Dog Repair!
[Info][10:3:43][SOPHOS] : Retrieved devices for Canyon Creek Endodontics!
[Info][10:3:44][SOPHOS] : Retrieved devices for Dr. Joseph Mascaro - Herr!
[Info][10:3:44][DATTO] : Retrieved devices for Canyon Crest Dental - Geoffry Grant!
[Info][10:3:44][DATTO] : Retrieved devices for Canyon Crest Dental - Geoffry Grant!
[Info][10:3:44][SOPHOS] : Retrieved devices for Canyon Crest Dental - Geoffry Grant!
[Info][10:3:45][SOPHOS] : Retrieved devices for Canyon Crest Dental - Geoffry Grant!
[Info][10:3:45][SOPHOS] : Retrieved devices for Dr. Joseph Mascaro - Preston!
[Info][10:3:46][DATTO] : Retrieved devices for CentriServe IT!
[Info][10:3:46][SOPHOS] : Retrieved devices for Dreamy Draw Dental!
[Info][10:3:46][DATTO] : Retrieved devices for CentriServe IT!
[Info][10:3:46][SOPHOS] : Retrieved devices for CentriServe IT!
[Info][10:3:46][SOPHOS] : Retrieved devices for CentriServe IT!
[Info][10:3:47][SOPHOS] : Retrieved devices for Duane Hales & Sons Inc (Spanish Fork Storage)!
[Info][10:3:47][DATTO] : Retrieved devices for Childrens Dentistry of Wenatchee!
[Info][10:3:47][DATTO] : Retrieved devices for Childrens Dentistry of Wenatchee!
[Info][10:3:47][SOPHOS] : Retrieved devices for Childrens Dentistry of Wenatchee!
[Info][10:3:47][SOPHOS] : Retrieved devices for Childrens Dentistry of Wenatchee!
[Info][10:3:48][SOPHOS] : Retrieved devices for East Mesa Pediatric Dentistry!
[Info][10:3:48][DATTO] : Retrieved devices for Choules Family Dentistry - W Choules!
[Info][10:3:48][SOPHOS] : Retrieved devices for Elevate Oral & Facial Surgery - JimBarton!
[Info][10:3:49][DATTO] : Retrieved devices for Choules Family Dentistry - W Choules!
[Info][10:3:49][SOPHOS] : Retrieved devices for Choules Family Dentistry - W Choules!
[Info][10:3:49][SOPHOS] : Retrieved devices for Choules Family Dentistry - W Choules!
[Info][10:3:49][SOPHOS] : Retrieved devices for Endodontic Specialists of Frisco!
[Info][10:3:50][DATTO] : Retrieved devices for Christopher M Granillo, DDS!
[Info][10:3:50][DATTO] : Retrieved devices for Christopher M Granillo, DDS!
[Info][10:3:50][SOPHOS] : Retrieved devices for Gallup Children's Dentistry!
[Info][10:3:50][SOPHOS] : Retrieved devices for Christopher M Granillo, DDS!
[Info][10:3:50][SOPHOS] : Retrieved devices for Christopher M Granillo, DDS!
[Info][10:3:51][SOPHOS] : Retrieved devices for Galovich Home!
[Info][10:3:51][DATTO] : Retrieved devices for Clark Oral And Facial Surgery - Burley!
[Info][10:3:51][DATTO] : Retrieved devices for Clark Oral And Facial Surgery - Burley!
[Info][10:3:51][SOPHOS] : Retrieved devices for Clark Oral And Facial Surgery - Burley!
[Info][10:3:51][SOPHOS] : Retrieved devices for Clark Oral And Facial Surgery - Burley!
[Info][10:3:52][SOPHOS] : Retrieved devices for Glauser Williams Ahwatukee!
[Info][10:3:52][DATTO] : Retrieved devices for Clark Oral And Facial Surgery - Twin Falls!
[Info][10:3:52][DATTO] : Retrieved devices for Clark Oral And Facial Surgery - Twin Falls!
[Info][10:3:53][SOPHOS] : Retrieved devices for Glauser Williams Gilbert!
[Info][10:3:53][SOPHOS] : Retrieved devices for Clark Oral And Facial Surgery - Twin Falls!
[Info][10:3:53][SOPHOS] : Retrieved devices for Clark Oral And Facial Surgery - Twin Falls!
[Info][10:3:53][SOPHOS] : Retrieved devices for Glauser Williams Mesa!
[Info][10:3:54][DATTO] : Retrieved devices for Condie Construction Company!
[Info][10:3:54][DATTO] : Retrieved devices for Condie Construction Company!
[Info][10:3:54][SOPHOS] : Retrieved devices for Condie Construction Company!
[Info][10:3:54][SOPHOS] : Retrieved devices for Condie Construction Company!
[Info][10:3:54][SOPHOS] : Retrieved devices for Glauser Williams Queen Creek!
[Info][10:3:55][SOPHOS] : Retrieved devices for Gustin Hydraulics, Inc.!
[Info][10:3:55][SOPHOS] : Retrieved devices for Crowne Tax and Accounting!
[Info][10:3:55][SOPHOS] : Retrieved devices for Crowne Tax and Accounting!
[Info][10:3:56][SOPHOS] : Retrieved devices for Gwendolyn Kines-McLeod, DDS!
[Info][10:3:56][SOPHOS] : Retrieved devices for Daniel W. McKay & Associates, PLLC!
[Info][10:3:56][SOPHOS] : Retrieved devices for Daniel W. McKay & Associates, PLLC!
[Info][10:3:57][SOPHOS] : Retrieved devices for Helm Dental Laboratory!
[Info][10:3:57][DATTO] : Retrieved devices for David Blackhurst DDS!
[Info][10:3:57][DATTO] : Retrieved devices for David Blackhurst DDS!
[Info][10:3:58][SOPHOS] : Retrieved devices for David Blackhurst DDS!
[Info][10:3:58][SOPHOS] : Retrieved devices for Highland Park Dental!
[Info][10:3:58][SOPHOS] : Retrieved devices for David Blackhurst DDS!
[Info][10:3:58][SOPHOS] : Retrieved devices for HM Lee DDS!
[Info][10:3:59][DATTO] : Retrieved devices for Deming Childrens Dentistry!
[Info][10:3:59][DATTO] : Retrieved devices for Deming Childrens Dentistry!
[Info][10:3:59][SOPHOS] : Retrieved devices for Deming Childrens Dentistry!
[Info][10:3:59][SOPHOS] : Retrieved devices for Deming Childrens Dentistry!
[Info][10:3:59][SOPHOS] : Retrieved devices for Hobble Creek Medical Clinic!
[Info][10:4:0][SOPHOS] : Retrieved devices for I-Scribe, Inc.!
[Info][10:4:0][DATTO] : Retrieved devices for Denture and Implant Docs of Argyle!
[Info][10:4:0][DATTO] : Retrieved devices for Denture and Implant Docs of Argyle!
[Info][10:4:0][SOPHOS] : Retrieved devices for Denture and Implant Docs of Argyle!
[Info][10:4:0][SOPHOS] : Retrieved devices for Denture and Implant Docs of Argyle!
[Info][10:4:1][SOPHOS] : Retrieved devices for Identity Oral Surgery - Preston Hansen!
[Info][10:4:1][DATTO] : Retrieved devices for Desert Creek Dental - Ismail Pardazi!
[Info][10:4:1][SOPHOS] : Retrieved devices for Interprelink Language Services!
[Info][10:4:2][DATTO] : Retrieved devices for Desert Creek Dental - Ismail Pardazi!
[Info][10:4:2][SOPHOS] : Retrieved devices for Desert Creek Dental - Ismail Pardazi!
[Info][10:4:2][SOPHOS] : Retrieved devices for Desert Creek Dental - Ismail Pardazi!
[Info][10:4:2][SOPHOS] : Retrieved devices for Iron Wood Children's Dentistry!
[Info][10:4:3][DATTO] : Retrieved devices for Dr. Carr Cat and Dog Repair!
[Info][10:4:3][DATTO] : Retrieved devices for Dr. Carr Cat and Dog Repair!
[Info][10:4:3][SOPHOS] : Retrieved devices for Dr. Carr Cat and Dog Repair!
[Info][10:4:3][SOPHOS] : Retrieved devices for Dr. Carr Cat and Dog Repair!
[Info][10:4:3][SOPHOS] : Retrieved devices for Islands Pediatric!
[Info][10:4:4][SOPHOS] : Retrieved devices for Jensen Periodontics - Jeff Jensen!
[Info][10:4:4][DATTO] : Retrieved devices for Dr. Joseph Mascaro - Herr!
[Info][10:4:4][DATTO] : Retrieved devices for Dr. Joseph Mascaro - Herr!
[Info][10:4:4][SOPHOS] : Retrieved devices for Dr. Joseph Mascaro - Herr!
[Info][10:4:4][SOPHOS] : Retrieved devices for Dr. Joseph Mascaro - Herr!
[Info][10:4:5][SOPHOS] : Retrieved devices for Jerry Stubbs Construction, Inc.!
[Info][10:4:5][DATTO] : Retrieved devices for Dr. Joseph Mascaro - Preston!
[Info][10:4:5][DATTO] : Retrieved devices for Dr. Joseph Mascaro - Preston!
[Info][10:4:5][SOPHOS] : Retrieved devices for Just Smiles - Stephen Resnick!
[Info][10:4:6][SOPHOS] : Retrieved devices for Dr. Joseph Mascaro - Preston!
[Info][10:4:6][SOPHOS] : Retrieved devices for Dr. Joseph Mascaro - Preston!
[Info][10:4:6][SOPHOS] : Retrieved devices for Key Land Title!
[Info][10:4:7][SOPHOS] : Retrieved devices for Dreamy Draw Dental!
[Info][10:4:7][SOPHOS] : Retrieved devices for Dreamy Draw Dental!
[Info][10:4:7][SOPHOS] : Retrieved devices for Lakeview Dermatology!
[Info][10:4:8][DATTO] : Retrieved devices for Duane Hales & Sons Inc (Spanish Fork Storage)!
[Info][10:4:8][DATTO] : Retrieved devices for Duane Hales & Sons Inc (Spanish Fork Storage)!
[Info][10:4:8][SOPHOS] : Retrieved devices for Duane Hales & Sons Inc (Spanish Fork Storage)!
[Info][10:4:8][SOPHOS] : Retrieved devices for Duane Hales & Sons Inc (Spanish Fork Storage)!
[Info][10:4:8][SOPHOS] : Retrieved devices for Landmark Excavating!
[Info][10:4:9][SOPHOS] : Retrieved devices for Legends Vintage Motorcycles!
[Info][10:4:9][DATTO] : Retrieved devices for East Mesa Pediatric Dentistry!
[Info][10:4:9][DATTO] : Retrieved devices for East Mesa Pediatric Dentistry!
[Info][10:4:10][SOPHOS] : Retrieved devices for East Mesa Pediatric Dentistry!
[Info][10:4:10][SOPHOS] : Retrieved devices for East Mesa Pediatric Dentistry!
[Info][10:4:10][SOPHOS] : Retrieved devices for Lobo Children's Dentistry (DBA: Route 66 Children's Dentistry East)!
[Info][10:4:11][DATTO] : Retrieved devices for Elevate Oral & Facial Surgery - JimBarton!
[Info][10:4:11][DATTO] : Retrieved devices for Elevate Oral & Facial Surgery - JimBarton!
[Info][10:4:11][SOPHOS] : Retrieved devices for Lone Peak Dental Group!
[Info][10:4:11][SOPHOS] : Retrieved devices for Elevate Oral & Facial Surgery - JimBarton!
[Info][10:4:11][SOPHOS] : Retrieved devices for Elevate Oral & Facial Surgery - JimBarton!
[Info][10:4:12][SOPHOS] : Retrieved devices for LPDG - Akron Smiles!
[Info][10:4:12][SOPHOS] : Retrieved devices for Endodontic Specialists of Frisco!
[Info][10:4:12][SOPHOS] : Retrieved devices for Endodontic Specialists of Frisco!
[Info][10:4:13][SOPHOS] : Retrieved devices for LPDG - Boise Smiles 4 Kids!
[Info][10:4:13][DATTO] : Retrieved devices for Gallup Children's Dentistry!
[Info][10:4:13][DATTO] : Retrieved devices for Gallup Children's Dentistry!
[Info][10:4:13][SOPHOS] : Retrieved devices for LPDG - Boise Tooth Town!
[Info][10:4:13][SOPHOS] : Retrieved devices for Gallup Children's Dentistry!
[Info][10:4:13][SOPHOS] : Retrieved devices for Gallup Children's Dentistry!
[Info][10:4:14][SOPHOS] : Retrieved devices for LPDG - Brightstart Dental - Florence!
[Info][10:4:14][DATTO] : Retrieved devices for Galovich Home!
[Info][10:4:14][DATTO] : Retrieved devices for Galovich Home!
[Info][10:4:15][SOPHOS] : Retrieved devices for Galovich Home!
[Info][10:4:15][SOPHOS] : Retrieved devices for Galovich Home!
[Info][10:4:15][SOPHOS] : Retrieved devices for LPDG - Capital City Dental Columbia!
[Info][10:4:16][DATTO] : Retrieved devices for Glauser Williams Ahwatukee!
[Info][10:4:16][DATTO] : Retrieved devices for Glauser Williams Ahwatukee!
[Info][10:4:16][SOPHOS] : Retrieved devices for Glauser Williams Ahwatukee!
[Info][10:4:16][SOPHOS] : Retrieved devices for LPDG - Carson City Kids Dental!
[Info][10:4:16][SOPHOS] : Retrieved devices for Glauser Williams Ahwatukee!
[Info][10:4:17][SOPHOS] : Retrieved devices for LPDG - Cherry Lane Dental - Meridian!
[Info][10:4:17][DATTO] : Retrieved devices for Glauser Williams Gilbert!
[Info][10:4:17][DATTO] : Retrieved devices for Glauser Williams Gilbert!
[Info][10:4:17][SOPHOS] : Retrieved devices for Glauser Williams Gilbert!
[Info][10:4:17][SOPHOS] : Retrieved devices for Glauser Williams Gilbert!
[Info][10:4:18][SOPHOS] : Retrieved devices for LPDG - Childrens Dentistry of South Omaha!
[Info][10:4:18][DATTO] : Retrieved devices for Glauser Williams Mesa!
[Info][10:4:19][SOPHOS] : Retrieved devices for LPDG - Colorado Surgical - Colorado Springs!
[Info][10:4:19][DATTO] : Retrieved devices for Glauser Williams Mesa!
[Info][10:4:19][SOPHOS] : Retrieved devices for Glauser Williams Mesa!
[Info][10:4:19][SOPHOS] : Retrieved devices for Glauser Williams Mesa!
[Info][10:4:19][SOPHOS] : Retrieved devices for LPDG - Cosmic Kids Dental!
[Info][10:4:20][DATTO] : Retrieved devices for Glauser Williams Queen Creek!
[Info][10:4:20][DATTO] : Retrieved devices for Glauser Williams Queen Creek!
[Info][10:4:20][SOPHOS] : Retrieved devices for Glauser Williams Queen Creek!
[Info][10:4:20][SOPHOS] : Retrieved devices for LPDG - Dayton Kids Dental!
[Info][10:4:20][SOPHOS] : Retrieved devices for Glauser Williams Queen Creek!
[Info][10:4:21][DATTO] : Retrieved devices for Gustin Hydraulics, Inc.!
[Info][10:4:21][SOPHOS] : Retrieved devices for LPDG - Dolphin Dental - Charleston!
[Info][10:4:21][DATTO] : Retrieved devices for Gustin Hydraulics, Inc.!
[Info][10:4:22][SOPHOS] : Retrieved devices for Gustin Hydraulics, Inc.!
[Info][10:4:22][SOPHOS] : Retrieved devices for Gustin Hydraulics, Inc.!
[Info][10:4:22][SOPHOS] : Retrieved devices for LPDG - Dominion Family Dental!
[Info][10:4:23][DATTO] : Retrieved devices for Gwendolyn Kines-McLeod, DDS!
[Info][10:4:23][DATTO] : Retrieved devices for Gwendolyn Kines-McLeod, DDS!
[Info][10:4:23][SOPHOS] : Retrieved devices for Gwendolyn Kines-McLeod, DDS!
[Info][10:4:23][SOPHOS] : Retrieved devices for LPDG - Family and Kids Dental Pueblo!
[Info][10:4:23][SOPHOS] : Retrieved devices for Gwendolyn Kines-McLeod, DDS!
[Info][10:4:24][SOPHOS] : Retrieved devices for LPDG - Harbor Kids Dental Aberdeen!
[Info][10:4:24][DATTO] : Retrieved devices for Helm Dental Laboratory!
[Info][10:4:24][DATTO] : Retrieved devices for Helm Dental Laboratory!
[Info][10:4:25][SOPHOS] : Retrieved devices for Helm Dental Laboratory!
[Info][10:4:25][SOPHOS] : Retrieved devices for LPDG - Harbor Kids Dental Longview!
[Info][10:4:25][SOPHOS] : Retrieved devices for Helm Dental Laboratory!
[Info][10:4:26][DATTO] : Retrieved devices for Highland Park Dental!
[Info][10:4:26][SOPHOS] : Retrieved devices for LPDG - Harbor Kids Dental Olympia!
[Info][10:4:26][SOPHOS] : Retrieved devices for Highland Park Dental!
[Info][10:4:26][DATTO] : Retrieved devices for Highland Park Dental!
[Info][10:4:26][SOPHOS] : Retrieved devices for Highland Park Dental!
[Info][10:4:27][SOPHOS] : Retrieved devices for LPDG - Jambo Kids Dental!
