[Warn][10:1:59][SOPHOS] : Tenant for 41215017-fd20-4408-bd8a-7557715e0546 was not found!
[Warn][10:1:59][SOPHOS] : Tenant for 5eb858cb-4a87-491d-aefd-0791d87530fb was not found!
[Warn][10:2:0][SOPHOS] : Tenant for 0e9d0f65-c9e7-4e61-990d-eaac2b80d54d was not found!
[Warn][10:2:0][SOPHOS] : Tenant for 57aa81bd-9e39-482e-a5d9-935b2f11a519 was not found!
[Warn][10:2:1][SOPHOS] : Tenant for 1793ed21-184f-496b-bd0f-99763e96446e was not found!
[Warn][10:2:1][SOPHOS] : Tenant for 41215017-fd20-4408-bd8a-7557715e0546 was not found!
[Warn][10:2:1][SOPHOS] : Tenant for 41215017-fd20-4408-bd8a-7557715e0546 was not found!
[Warn][10:2:1][SOPHOS] : Tenant for 15f540c9-59f5-43db-aadc-1d96b1675065 was not found!
[Warn][10:2:2][SOPHOS] : Tenant for 77cb3554-5cc8-4f6d-8ded-ef418fbda3f3 was not found!
[Warn][10:2:2][SOPHOS] : Tenant for 5eb858cb-4a87-491d-aefd-0791d87530fb was not found!
[Warn][10:2:2][SOPHOS] : Tenant for 5eb858cb-4a87-491d-aefd-0791d87530fb was not found!
[Warn][10:2:2][SOPHOS] : Tenant for 59d68a54-bd5a-4f28-96f2-8dd5bf029b63 was not found!
[Warn][10:2:3][SOPHOS] : Tenant for 5a9aac47-67a5-449c-9ac2-815c01ddaf17 was not found!
[Warn][10:2:3][SOPHOS] : Tenant for 0e9d0f65-c9e7-4e61-990d-eaac2b80d54d was not found!
[Warn][10:2:3][SOPHOS] : Tenant for 0e9d0f65-c9e7-4e61-990d-eaac2b80d54d was not found!
[Warn][10:2:3][SOPHOS] : Tenant for dc946227-bc8c-42a7-8d09-2c6c23931cc6 was not found!
[Warn][10:2:4][SOPHOS] : Tenant for ecded4e2-b57b-4cdd-adac-e127b101cdef was not found!
[Warn][10:2:4][SOPHOS] : Tenant for 57aa81bd-9e39-482e-a5d9-935b2f11a519 was not found!
[Warn][10:2:4][SOPHOS] : Tenant for 57aa81bd-9e39-482e-a5d9-935b2f11a519 was not found!
[Warn][10:2:4][SOPHOS] : Tenant for 45cebef2-b101-4314-b16a-19a8452770a8 was not found!
[Warn][10:2:5][SOPHOS] : Tenant for 893d66d7-91a6-4982-8ef4-4580b4a8242c was not found!
[Warn][10:2:5][SOPHOS] : Tenant for 1793ed21-184f-496b-bd0f-99763e96446e was not found!
[Warn][10:2:5][SOPHOS] : Tenant for 1793ed21-184f-496b-bd0f-99763e96446e was not found!
[Warn][10:2:5][SOPHOS] : Tenant for af33f3e8-92c3-4983-885b-3fe03cc7463f was not found!
[Warn][10:2:6][SOPHOS] : Tenant for 84c8c474-9a68-4a1b-98af-90aaccec2121 was not found!
[Warn][10:2:6][SOPHOS] : Tenant for 15f540c9-59f5-43db-aadc-1d96b1675065 was not found!
[Warn][10:2:6][SOPHOS] : Tenant for 15f540c9-59f5-43db-aadc-1d96b1675065 was not found!
[Warn][10:2:6][SOPHOS] : Tenant for 84251f16-0038-4462-a97d-153edad5fa84 was not found!
[Warn][10:2:7][SOPHOS] : Tenant for ea7d11c6-c577-4024-ab56-d16fa7c873d2 was not found!
[Warn][10:2:7][SOPHOS] : Tenant for 77cb3554-5cc8-4f6d-8ded-ef418fbda3f3 was not found!
[Warn][10:2:7][SOPHOS] : Tenant for 77cb3554-5cc8-4f6d-8ded-ef418fbda3f3 was not found!
[Warn][10:2:7][SOPHOS] : Tenant for 9c543cdb-8355-4b00-a090-a2025c7bc716 was not found!
[Warn][10:2:8][SOPHOS] : Tenant for bad362a2-cf03-408e-af83-261032350c92 was not found!
[Warn][10:2:8][SOPHOS] : Tenant for 59d68a54-bd5a-4f28-96f2-8dd5bf029b63 was not found!
[Warn][10:2:8][SOPHOS] : Tenant for 59d68a54-bd5a-4f28-96f2-8dd5bf029b63 was not found!
[Warn][10:2:8][SOPHOS] : Tenant for 37581d30-ee02-4a4c-b5d9-2f7d4c03b741 was not found!
[Warn][10:2:39][SOPHOS] : Tenant for 41215017-fd20-4408-bd8a-7557715e0546 was not found!
[Warn][10:2:39][SOPHOS] : Tenant for 5eb858cb-4a87-491d-aefd-0791d87530fb was not found!
[Warn][10:2:40][SOPHOS] : Tenant for 0e9d0f65-c9e7-4e61-990d-eaac2b80d54d was not found!
[Warn][10:2:40][SOPHOS] : Tenant for 41215017-fd20-4408-bd8a-7557715e0546 was not found!
[Warn][10:2:40][SOPHOS] : Tenant for 57aa81bd-9e39-482e-a5d9-935b2f11a519 was not found!
[Warn][10:2:41][SOPHOS] : Tenant for 1793ed21-184f-496b-bd0f-99763e96446e was not found!
[Warn][10:2:41][SOPHOS] : Tenant for 5eb858cb-4a87-491d-aefd-0791d87530fb was not found!
[Warn][10:2:41][SOPHOS] : Tenant for 15f540c9-59f5-43db-aadc-1d96b1675065 was not found!
[Warn][10:3:24][DATTO] : Tenant for Ainge CPA was not found!
[Warn][10:3:24][DATTO] : Tenant for Ainge CPA was not found!
[Warn][10:3:28][DATTO] : Tenant for Audubon Facial Plastic Surgery was not found!
[Warn][10:3:28][DATTO] : Tenant for Audubon Facial Plastic Surgery was not found!
[Warn][10:3:32][DATTO] : Tenant for Beautiful Dentistry was not found!
[Warn][10:3:32][DATTO] : Tenant for Beautiful Dentistry was not found!
[Warn][10:3:33][DATTO] : Tenant for Bemis Family Dentistry was not found!
[Warn][10:3:33][DATTO] : Tenant for Bemis Family Dentistry was not found!
[Warn][10:3:36][DATTO] : Tenant for Burns Dentistry - Litchfield was not found!
[Warn][10:3:36][DATTO] : Tenant for Burns Dentistry - Litchfield was not found!
[Warn][10:3:55][DATTO] : Tenant for Crowne Tax and Accounting was not found!
[Warn][10:3:55][DATTO] : Tenant for Crowne Tax and Accounting was not found!
[Warn][10:3:56][DATTO] : Tenant for Daniel W. McKay & Associates, PLLC was not found!
[Warn][10:3:56][DATTO] : Tenant for Daniel W. McKay & Associates, PLLC was not found!
[Warn][10:4:6][DATTO] : Tenant for Dreamy Draw Dental was not found!
[Warn][10:4:6][DATTO] : Tenant for Dreamy Draw Dental was not found!
[Warn][10:4:12][DATTO] : Tenant for Endodontic Specialists of Frisco was not found!
[Warn][10:4:12][DATTO] : Tenant for Endodontic Specialists of Frisco was not found!
[Warn][10:4:27][DATTO] : Tenant for HM Lee DDS was not found!
